{"/home/mafh/Projects/node/my_node_modules/pm2promise/src/lib/connect.ts": {"path":"/home/mafh/Projects/node/my_node_modules/pm2promise/src/lib/connect.ts","statementMap":{"0":{"start":{"line":1,"column":0},"end":{"line":1,"column":42}},"1":{"start":{"line":10,"column":59},"end":{"line":15,"column":1}},"2":{"start":{"line":11,"column":2},"end":{"line":14,"column":4}},"3":{"start":{"line":12,"column":4},"end":{"line":12,"column":86}},"4":{"start":{"line":12,"column":22},"end":{"line":12,"column":86}},"5":{"start":{"line":12,"column":56},"end":{"line":12,"column":85}},"6":{"start":{"line":13,"column":4},"end":{"line":13,"column":61}},"7":{"start":{"line":13,"column":31},"end":{"line":13,"column":60}},"8":{"start":{"line":17,"column":9},"end":{"line":17,"column":16}}},"fnMap":{"0":{"name":"(anonymous_0)","decl":{"start":{"line":10,"column":59},"end":{"line":10,"column":60}},"loc":{"start":{"line":10,"column":101},"end":{"line":15,"column":1}}},"1":{"name":"(anonymous_1)","decl":{"start":{"line":11,"column":21},"end":{"line":11,"column":22}},"loc":{"start":{"line":11,"column":84},"end":{"line":14,"column":3}}},"2":{"name":"(anonymous_2)","decl":{"start":{"line":12,"column":40},"end":{"line":12,"column":41}},"loc":{"start":{"line":12,"column":56},"end":{"line":12,"column":85}}},"3":{"name":"(anonymous_3)","decl":{"start":{"line":13,"column":15},"end":{"line":13,"column":16}},"loc":{"start":{"line":13,"column":31},"end":{"line":13,"column":60}}}},"branchMap":{"0":{"loc":{"start":{"line":12,"column":4},"end":{"line":12,"column":86}},"type":"if","locations":[{"start":{"line":12,"column":4},"end":{"line":12,"column":86}},{"start":{"line":12,"column":4},"end":{"line":12,"column":86}}]},"1":{"loc":{"start":{"line":12,"column":62},"end":{"line":12,"column":73}},"type":"cond-expr","locations":[{"start":{"line":12,"column":62},"end":{"line":12,"column":73}},{"start":{"line":12,"column":76},"end":{"line":12,"column":85}}]},"2":{"loc":{"start":{"line":13,"column":37},"end":{"line":13,"column":48}},"type":"cond-expr","locations":[{"start":{"line":13,"column":37},"end":{"line":13,"column":48}},{"start":{"line":13,"column":51},"end":{"line":13,"column":60}}]}},"s":{"0":1,"1":1,"2":3,"3":3,"4":0,"5":0,"6":3,"7":2,"8":1},"f":{"0":3,"1":3,"2":0,"3":2},"b":{"0":[0,3],"1":[0,0],"2":[1,1]}}
,"/home/mafh/Projects/node/my_node_modules/pm2promise/src/lib/delete.ts": {"path":"/home/mafh/Projects/node/my_node_modules/pm2promise/src/lib/delete.ts","statementMap":{"0":{"start":{"line":1,"column":0},"end":{"line":1,"column":40}},"1":{"start":{"line":10,"column":59},"end":{"line":14,"column":1}},"2":{"start":{"line":11,"column":2},"end":{"line":13,"column":4}},"3":{"start":{"line":12,"column":4},"end":{"line":12,"column":69}},"4":{"start":{"line":12,"column":39},"end":{"line":12,"column":68}},"5":{"start":{"line":16,"column":20},"end":{"line":16,"column":26}}},"fnMap":{"0":{"name":"(anonymous_0)","decl":{"start":{"line":10,"column":59},"end":{"line":10,"column":60}},"loc":{"start":{"line":10,"column":101},"end":{"line":14,"column":1}}},"1":{"name":"(anonymous_1)","decl":{"start":{"line":11,"column":21},"end":{"line":11,"column":22}},"loc":{"start":{"line":11,"column":84},"end":{"line":13,"column":3}}},"2":{"name":"(anonymous_2)","decl":{"start":{"line":12,"column":23},"end":{"line":12,"column":24}},"loc":{"start":{"line":12,"column":39},"end":{"line":12,"column":68}}}},"branchMap":{"0":{"loc":{"start":{"line":12,"column":45},"end":{"line":12,"column":56}},"type":"cond-expr","locations":[{"start":{"line":12,"column":45},"end":{"line":12,"column":56}},{"start":{"line":12,"column":59},"end":{"line":12,"column":68}}]}},"s":{"0":1,"1":1,"2":2,"3":2,"4":2,"5":1},"f":{"0":2,"1":2,"2":2},"b":{"0":[1,1]}}
,"/home/mafh/Projects/node/my_node_modules/pm2promise/src/lib/describe.ts": {"path":"/home/mafh/Projects/node/my_node_modules/pm2promise/src/lib/describe.ts","statementMap":{"0":{"start":{"line":1,"column":0},"end":{"line":1,"column":64}},"1":{"start":{"line":11,"column":4},"end":{"line":17,"column":1}},"2":{"start":{"line":12,"column":4},"end":{"line":16,"column":6}},"3":{"start":{"line":13,"column":6},"end":{"line":15,"column":8}},"4":{"start":{"line":14,"column":8},"end":{"line":14,"column":39}},"5":{"start":{"line":19,"column":9},"end":{"line":19,"column":17}}},"fnMap":{"0":{"name":"(anonymous_0)","decl":{"start":{"line":11,"column":4},"end":{"line":11,"column":5}},"loc":{"start":{"line":11,"column":62},"end":{"line":17,"column":1}}},"1":{"name":"(anonymous_1)","decl":{"start":{"line":12,"column":23},"end":{"line":12,"column":24}},"loc":{"start":{"line":12,"column":110},"end":{"line":16,"column":5}}},"2":{"name":"(anonymous_2)","decl":{"start":{"line":13,"column":27},"end":{"line":13,"column":28}},"loc":{"start":{"line":13,"column":68},"end":{"line":15,"column":7}}}},"branchMap":{"0":{"loc":{"start":{"line":14,"column":14},"end":{"line":14,"column":25}},"type":"cond-expr","locations":[{"start":{"line":14,"column":14},"end":{"line":14,"column":25}},{"start":{"line":14,"column":28},"end":{"line":14,"column":39}}]}},"s":{"0":1,"1":1,"2":2,"3":2,"4":2,"5":1},"f":{"0":2,"1":2,"2":2},"b":{"0":[1,1]}}
,"/home/mafh/Projects/node/my_node_modules/pm2promise/src/lib/dump.ts": {"path":"/home/mafh/Projects/node/my_node_modules/pm2promise/src/lib/dump.ts","statementMap":{"0":{"start":{"line":1,"column":0},"end":{"line":1,"column":36}},"1":{"start":{"line":11,"column":4},"end":{"line":17,"column":1}},"2":{"start":{"line":12,"column":4},"end":{"line":16,"column":6}},"3":{"start":{"line":13,"column":6},"end":{"line":15,"column":8}},"4":{"start":{"line":14,"column":8},"end":{"line":14,"column":43}},"5":{"start":{"line":19,"column":9},"end":{"line":19,"column":13}}},"fnMap":{"0":{"name":"(anonymous_0)","decl":{"start":{"line":11,"column":4},"end":{"line":11,"column":23}},"loc":{"start":{"line":11,"column":26},"end":{"line":17,"column":1}}},"1":{"name":"(anonymous_1)","decl":{"start":{"line":12,"column":23},"end":{"line":12,"column":24}},"loc":{"start":{"line":12,"column":100},"end":{"line":16,"column":5}}},"2":{"name":"(anonymous_2)","decl":{"start":{"line":13,"column":14},"end":{"line":13,"column":15}},"loc":{"start":{"line":13,"column":45},"end":{"line":15,"column":7}}}},"branchMap":{"0":{"loc":{"start":{"line":14,"column":14},"end":{"line":14,"column":25}},"type":"cond-expr","locations":[{"start":{"line":14,"column":14},"end":{"line":14,"column":25}},{"start":{"line":14,"column":28},"end":{"line":14,"column":43}}]}},"s":{"0":1,"1":1,"2":2,"3":2,"4":2,"5":1},"f":{"0":2,"1":2,"2":2},"b":{"0":[1,1]}}
,"/home/mafh/Projects/node/my_node_modules/pm2promise/src/lib/flush.ts": {"path":"/home/mafh/Projects/node/my_node_modules/pm2promise/src/lib/flush.ts","statementMap":{"0":{"start":{"line":1,"column":0},"end":{"line":1,"column":38}},"1":{"start":{"line":11,"column":4},"end":{"line":17,"column":1}},"2":{"start":{"line":12,"column":4},"end":{"line":16,"column":6}},"3":{"start":{"line":13,"column":6},"end":{"line":15,"column":8}},"4":{"start":{"line":14,"column":8},"end":{"line":14,"column":43}},"5":{"start":{"line":19,"column":9},"end":{"line":19,"column":14}}},"fnMap":{"0":{"name":"(anonymous_0)","decl":{"start":{"line":11,"column":4},"end":{"line":11,"column":5}},"loc":{"start":{"line":11,"column":48},"end":{"line":17,"column":1}}},"1":{"name":"(anonymous_1)","decl":{"start":{"line":12,"column":23},"end":{"line":12,"column":24}},"loc":{"start":{"line":12,"column":100},"end":{"line":16,"column":5}}},"2":{"name":"(anonymous_2)","decl":{"start":{"line":13,"column":24},"end":{"line":13,"column":25}},"loc":{"start":{"line":13,"column":55},"end":{"line":15,"column":7}}}},"branchMap":{"0":{"loc":{"start":{"line":14,"column":14},"end":{"line":14,"column":25}},"type":"cond-expr","locations":[{"start":{"line":14,"column":14},"end":{"line":14,"column":25}},{"start":{"line":14,"column":28},"end":{"line":14,"column":43}}]}},"s":{"0":1,"1":1,"2":2,"3":2,"4":2,"5":1},"f":{"0":2,"1":2,"2":2},"b":{"0":[1,1]}}
,"/home/mafh/Projects/node/my_node_modules/pm2promise/src/lib/kill.daemon.ts": {"path":"/home/mafh/Projects/node/my_node_modules/pm2promise/src/lib/kill.daemon.ts","statementMap":{"0":{"start":{"line":1,"column":0},"end":{"line":1,"column":48}},"1":{"start":{"line":11,"column":4},"end":{"line":17,"column":1}},"2":{"start":{"line":12,"column":4},"end":{"line":16,"column":6}},"3":{"start":{"line":13,"column":6},"end":{"line":15,"column":8}},"4":{"start":{"line":14,"column":8},"end":{"line":14,"column":37}},"5":{"start":{"line":19,"column":9},"end":{"line":19,"column":19}}},"fnMap":{"0":{"name":"(anonymous_0)","decl":{"start":{"line":11,"column":4},"end":{"line":11,"column":21}},"loc":{"start":{"line":11,"column":24},"end":{"line":17,"column":1}}},"1":{"name":"(anonymous_1)","decl":{"start":{"line":12,"column":23},"end":{"line":12,"column":24}},"loc":{"start":{"line":12,"column":86},"end":{"line":16,"column":5}}},"2":{"name":"(anonymous_2)","decl":{"start":{"line":13,"column":20},"end":{"line":13,"column":21}},"loc":{"start":{"line":13,"column":35},"end":{"line":15,"column":7}}}},"branchMap":{"0":{"loc":{"start":{"line":14,"column":14},"end":{"line":14,"column":25}},"type":"cond-expr","locations":[{"start":{"line":14,"column":14},"end":{"line":14,"column":25}},{"start":{"line":14,"column":28},"end":{"line":14,"column":37}}]}},"s":{"0":1,"1":1,"2":2,"3":2,"4":2,"5":1},"f":{"0":2,"1":2,"2":2},"b":{"0":[1,1]}}
,"/home/mafh/Projects/node/my_node_modules/pm2promise/src/lib/launchBus.ts": {"path":"/home/mafh/Projects/node/my_node_modules/pm2promise/src/lib/launchBus.ts","statementMap":{"0":{"start":{"line":2,"column":0},"end":{"line":2,"column":46}},"1":{"start":{"line":11,"column":4},"end":{"line":17,"column":1}},"2":{"start":{"line":12,"column":4},"end":{"line":16,"column":6}},"3":{"start":{"line":13,"column":6},"end":{"line":15,"column":8}},"4":{"start":{"line":14,"column":8},"end":{"line":14,"column":40}},"5":{"start":{"line":19,"column":9},"end":{"line":19,"column":18}}},"fnMap":{"0":{"name":"(anonymous_0)","decl":{"start":{"line":11,"column":4},"end":{"line":11,"column":33}},"loc":{"start":{"line":11,"column":36},"end":{"line":17,"column":1}}},"1":{"name":"(anonymous_1)","decl":{"start":{"line":12,"column":23},"end":{"line":12,"column":24}},"loc":{"start":{"line":12,"column":107},"end":{"line":16,"column":5}}},"2":{"name":"(anonymous_2)","decl":{"start":{"line":13,"column":19},"end":{"line":13,"column":20}},"loc":{"start":{"line":13,"column":57},"end":{"line":15,"column":7}}}},"branchMap":{"0":{"loc":{"start":{"line":14,"column":14},"end":{"line":14,"column":25}},"type":"cond-expr","locations":[{"start":{"line":14,"column":14},"end":{"line":14,"column":25}},{"start":{"line":14,"column":28},"end":{"line":14,"column":40}}]}},"s":{"0":1,"1":1,"2":2,"3":2,"4":2,"5":1},"f":{"0":2,"1":2,"2":2},"b":{"0":[1,1]}}
,"/home/mafh/Projects/node/my_node_modules/pm2promise/src/lib/list.ts": {"path":"/home/mafh/Projects/node/my_node_modules/pm2promise/src/lib/list.ts","statementMap":{"0":{"start":{"line":1,"column":0},"end":{"line":1,"column":56}},"1":{"start":{"line":10,"column":4},"end":{"line":16,"column":1}},"2":{"start":{"line":11,"column":4},"end":{"line":15,"column":6}},"3":{"start":{"line":12,"column":6},"end":{"line":14,"column":8}},"4":{"start":{"line":13,"column":8},"end":{"line":13,"column":39}},"5":{"start":{"line":18,"column":9},"end":{"line":18,"column":13}}},"fnMap":{"0":{"name":"(anonymous_0)","decl":{"start":{"line":10,"column":4},"end":{"line":10,"column":37}},"loc":{"start":{"line":10,"column":40},"end":{"line":16,"column":1}}},"1":{"name":"(anonymous_1)","decl":{"start":{"line":11,"column":23},"end":{"line":11,"column":24}},"loc":{"start":{"line":11,"column":110},"end":{"line":15,"column":5}}},"2":{"name":"(anonymous_2)","decl":{"start":{"line":12,"column":14},"end":{"line":12,"column":15}},"loc":{"start":{"line":12,"column":55},"end":{"line":14,"column":7}}}},"branchMap":{"0":{"loc":{"start":{"line":13,"column":14},"end":{"line":13,"column":25}},"type":"cond-expr","locations":[{"start":{"line":13,"column":14},"end":{"line":13,"column":25}},{"start":{"line":13,"column":28},"end":{"line":13,"column":39}}]}},"s":{"0":1,"1":1,"2":2,"3":2,"4":2,"5":1},"f":{"0":2,"1":2,"2":2},"b":{"0":[1,1]}}
,"/home/mafh/Projects/node/my_node_modules/pm2promise/src/lib/reload.ts": {"path":"/home/mafh/Projects/node/my_node_modules/pm2promise/src/lib/reload.ts","statementMap":{"0":{"start":{"line":1,"column":0},"end":{"line":1,"column":40}},"1":{"start":{"line":10,"column":4},"end":{"line":16,"column":1}},"2":{"start":{"line":11,"column":4},"end":{"line":15,"column":6}},"3":{"start":{"line":12,"column":6},"end":{"line":14,"column":8}},"4":{"start":{"line":13,"column":8},"end":{"line":13,"column":37}},"5":{"start":{"line":18,"column":9},"end":{"line":18,"column":15}}},"fnMap":{"0":{"name":"(anonymous_0)","decl":{"start":{"line":10,"column":4},"end":{"line":10,"column":5}},"loc":{"start":{"line":10,"column":46},"end":{"line":16,"column":1}}},"1":{"name":"(anonymous_1)","decl":{"start":{"line":11,"column":23},"end":{"line":11,"column":24}},"loc":{"start":{"line":11,"column":86},"end":{"line":15,"column":5}}},"2":{"name":"(anonymous_2)","decl":{"start":{"line":12,"column":25},"end":{"line":12,"column":26}},"loc":{"start":{"line":12,"column":40},"end":{"line":14,"column":7}}}},"branchMap":{"0":{"loc":{"start":{"line":13,"column":14},"end":{"line":13,"column":25}},"type":"cond-expr","locations":[{"start":{"line":13,"column":14},"end":{"line":13,"column":25}},{"start":{"line":13,"column":28},"end":{"line":13,"column":37}}]}},"s":{"0":0,"1":0,"2":0,"3":0,"4":0,"5":0},"f":{"0":0,"1":0,"2":0},"b":{"0":[0,0]}}
}
