{"/home/mafh/Projects/node/my_node_modules/pm2promise/src/lib/connect.ts": {"path":"/home/mafh/Projects/node/my_node_modules/pm2promise/src/lib/connect.ts","statementMap":{"0":{"start":{"line":1,"column":0},"end":{"line":1,"column":42}},"1":{"start":{"line":10,"column":59},"end":{"line":15,"column":1}},"2":{"start":{"line":11,"column":2},"end":{"line":14,"column":4}},"3":{"start":{"line":12,"column":4},"end":{"line":12,"column":107}},"4":{"start":{"line":12,"column":36},"end":{"line":12,"column":107}},"5":{"start":{"line":12,"column":77},"end":{"line":12,"column":106}},"6":{"start":{"line":13,"column":4},"end":{"line":13,"column":61}},"7":{"start":{"line":13,"column":31},"end":{"line":13,"column":60}},"8":{"start":{"line":17,"column":9},"end":{"line":17,"column":16}}},"fnMap":{"0":{"name":"(anonymous_0)","decl":{"start":{"line":10,"column":59},"end":{"line":10,"column":60}},"loc":{"start":{"line":10,"column":101},"end":{"line":15,"column":1}}},"1":{"name":"(anonymous_1)","decl":{"start":{"line":11,"column":21},"end":{"line":11,"column":22}},"loc":{"start":{"line":11,"column":84},"end":{"line":14,"column":3}}},"2":{"name":"(anonymous_2)","decl":{"start":{"line":12,"column":61},"end":{"line":12,"column":62}},"loc":{"start":{"line":12,"column":77},"end":{"line":12,"column":106}}},"3":{"name":"(anonymous_3)","decl":{"start":{"line":13,"column":15},"end":{"line":13,"column":16}},"loc":{"start":{"line":13,"column":31},"end":{"line":13,"column":60}}}},"branchMap":{"0":{"loc":{"start":{"line":12,"column":4},"end":{"line":12,"column":107}},"type":"if","locations":[{"start":{"line":12,"column":4},"end":{"line":12,"column":107}},{"start":{"line":12,"column":4},"end":{"line":12,"column":107}}]},"1":{"loc":{"start":{"line":12,"column":83},"end":{"line":12,"column":94}},"type":"cond-expr","locations":[{"start":{"line":12,"column":83},"end":{"line":12,"column":94}},{"start":{"line":12,"column":97},"end":{"line":12,"column":106}}]},"2":{"loc":{"start":{"line":13,"column":37},"end":{"line":13,"column":48}},"type":"cond-expr","locations":[{"start":{"line":13,"column":37},"end":{"line":13,"column":48}},{"start":{"line":13,"column":51},"end":{"line":13,"column":60}}]}},"s":{"0":1,"1":1,"2":4,"3":4,"4":2,"5":2,"6":4,"7":2,"8":1},"f":{"0":4,"1":4,"2":2,"3":2},"b":{"0":[2,2],"1":[1,1],"2":[1,1]}}
,"/home/mafh/Projects/node/my_node_modules/pm2promise/src/lib/delete.ts": {"path":"/home/mafh/Projects/node/my_node_modules/pm2promise/src/lib/delete.ts","statementMap":{"0":{"start":{"line":1,"column":0},"end":{"line":1,"column":40}},"1":{"start":{"line":10,"column":59},"end":{"line":14,"column":1}},"2":{"start":{"line":11,"column":2},"end":{"line":13,"column":4}},"3":{"start":{"line":12,"column":4},"end":{"line":12,"column":69}},"4":{"start":{"line":12,"column":39},"end":{"line":12,"column":68}},"5":{"start":{"line":16,"column":20},"end":{"line":16,"column":26}}},"fnMap":{"0":{"name":"(anonymous_0)","decl":{"start":{"line":10,"column":59},"end":{"line":10,"column":60}},"loc":{"start":{"line":10,"column":101},"end":{"line":14,"column":1}}},"1":{"name":"(anonymous_1)","decl":{"start":{"line":11,"column":21},"end":{"line":11,"column":22}},"loc":{"start":{"line":11,"column":84},"end":{"line":13,"column":3}}},"2":{"name":"(anonymous_2)","decl":{"start":{"line":12,"column":23},"end":{"line":12,"column":24}},"loc":{"start":{"line":12,"column":39},"end":{"line":12,"column":68}}}},"branchMap":{"0":{"loc":{"start":{"line":12,"column":45},"end":{"line":12,"column":56}},"type":"cond-expr","locations":[{"start":{"line":12,"column":45},"end":{"line":12,"column":56}},{"start":{"line":12,"column":59},"end":{"line":12,"column":68}}]}},"s":{"0":1,"1":1,"2":2,"3":2,"4":2,"5":1},"f":{"0":2,"1":2,"2":2},"b":{"0":[1,1]}}
,"/home/mafh/Projects/node/my_node_modules/pm2promise/src/lib/describe.ts": {"path":"/home/mafh/Projects/node/my_node_modules/pm2promise/src/lib/describe.ts","statementMap":{"0":{"start":{"line":1,"column":0},"end":{"line":1,"column":64}},"1":{"start":{"line":11,"column":4},"end":{"line":17,"column":1}},"2":{"start":{"line":12,"column":4},"end":{"line":16,"column":6}},"3":{"start":{"line":13,"column":6},"end":{"line":15,"column":8}},"4":{"start":{"line":14,"column":8},"end":{"line":14,"column":39}},"5":{"start":{"line":19,"column":9},"end":{"line":19,"column":17}}},"fnMap":{"0":{"name":"(anonymous_0)","decl":{"start":{"line":11,"column":4},"end":{"line":11,"column":5}},"loc":{"start":{"line":11,"column":62},"end":{"line":17,"column":1}}},"1":{"name":"(anonymous_1)","decl":{"start":{"line":12,"column":23},"end":{"line":12,"column":24}},"loc":{"start":{"line":12,"column":110},"end":{"line":16,"column":5}}},"2":{"name":"(anonymous_2)","decl":{"start":{"line":13,"column":27},"end":{"line":13,"column":28}},"loc":{"start":{"line":13,"column":68},"end":{"line":15,"column":7}}}},"branchMap":{"0":{"loc":{"start":{"line":14,"column":14},"end":{"line":14,"column":25}},"type":"cond-expr","locations":[{"start":{"line":14,"column":14},"end":{"line":14,"column":25}},{"start":{"line":14,"column":28},"end":{"line":14,"column":39}}]}},"s":{"0":1,"1":1,"2":2,"3":2,"4":2,"5":1},"f":{"0":2,"1":2,"2":2},"b":{"0":[1,1]}}
,"/home/mafh/Projects/node/my_node_modules/pm2promise/src/lib/dump.ts": {"path":"/home/mafh/Projects/node/my_node_modules/pm2promise/src/lib/dump.ts","statementMap":{"0":{"start":{"line":1,"column":0},"end":{"line":1,"column":36}},"1":{"start":{"line":11,"column":4},"end":{"line":17,"column":1}},"2":{"start":{"line":12,"column":4},"end":{"line":16,"column":6}},"3":{"start":{"line":13,"column":6},"end":{"line":15,"column":8}},"4":{"start":{"line":14,"column":8},"end":{"line":14,"column":43}},"5":{"start":{"line":19,"column":9},"end":{"line":19,"column":13}}},"fnMap":{"0":{"name":"(anonymous_0)","decl":{"start":{"line":11,"column":4},"end":{"line":11,"column":23}},"loc":{"start":{"line":11,"column":26},"end":{"line":17,"column":1}}},"1":{"name":"(anonymous_1)","decl":{"start":{"line":12,"column":23},"end":{"line":12,"column":24}},"loc":{"start":{"line":12,"column":100},"end":{"line":16,"column":5}}},"2":{"name":"(anonymous_2)","decl":{"start":{"line":13,"column":14},"end":{"line":13,"column":15}},"loc":{"start":{"line":13,"column":45},"end":{"line":15,"column":7}}}},"branchMap":{"0":{"loc":{"start":{"line":14,"column":14},"end":{"line":14,"column":25}},"type":"cond-expr","locations":[{"start":{"line":14,"column":14},"end":{"line":14,"column":25}},{"start":{"line":14,"column":28},"end":{"line":14,"column":43}}]}},"s":{"0":1,"1":1,"2":2,"3":2,"4":2,"5":1},"f":{"0":2,"1":2,"2":2},"b":{"0":[1,1]}}
,"/home/mafh/Projects/node/my_node_modules/pm2promise/src/lib/flush.ts": {"path":"/home/mafh/Projects/node/my_node_modules/pm2promise/src/lib/flush.ts","statementMap":{"0":{"start":{"line":1,"column":0},"end":{"line":1,"column":38}},"1":{"start":{"line":11,"column":4},"end":{"line":17,"column":1}},"2":{"start":{"line":12,"column":4},"end":{"line":16,"column":6}},"3":{"start":{"line":13,"column":6},"end":{"line":15,"column":8}},"4":{"start":{"line":14,"column":8},"end":{"line":14,"column":43}},"5":{"start":{"line":19,"column":9},"end":{"line":19,"column":14}}},"fnMap":{"0":{"name":"(anonymous_0)","decl":{"start":{"line":11,"column":4},"end":{"line":11,"column":5}},"loc":{"start":{"line":11,"column":48},"end":{"line":17,"column":1}}},"1":{"name":"(anonymous_1)","decl":{"start":{"line":12,"column":23},"end":{"line":12,"column":24}},"loc":{"start":{"line":12,"column":100},"end":{"line":16,"column":5}}},"2":{"name":"(anonymous_2)","decl":{"start":{"line":13,"column":24},"end":{"line":13,"column":25}},"loc":{"start":{"line":13,"column":55},"end":{"line":15,"column":7}}}},"branchMap":{"0":{"loc":{"start":{"line":14,"column":14},"end":{"line":14,"column":25}},"type":"cond-expr","locations":[{"start":{"line":14,"column":14},"end":{"line":14,"column":25}},{"start":{"line":14,"column":28},"end":{"line":14,"column":43}}]}},"s":{"0":1,"1":1,"2":2,"3":2,"4":2,"5":1},"f":{"0":2,"1":2,"2":2},"b":{"0":[1,1]}}
,"/home/mafh/Projects/node/my_node_modules/pm2promise/src/lib/kill.daemon.ts": {"path":"/home/mafh/Projects/node/my_node_modules/pm2promise/src/lib/kill.daemon.ts","statementMap":{"0":{"start":{"line":1,"column":0},"end":{"line":1,"column":48}},"1":{"start":{"line":11,"column":4},"end":{"line":17,"column":1}},"2":{"start":{"line":12,"column":4},"end":{"line":16,"column":6}},"3":{"start":{"line":13,"column":6},"end":{"line":15,"column":8}},"4":{"start":{"line":14,"column":8},"end":{"line":14,"column":37}},"5":{"start":{"line":19,"column":9},"end":{"line":19,"column":19}}},"fnMap":{"0":{"name":"(anonymous_0)","decl":{"start":{"line":11,"column":4},"end":{"line":11,"column":21}},"loc":{"start":{"line":11,"column":24},"end":{"line":17,"column":1}}},"1":{"name":"(anonymous_1)","decl":{"start":{"line":12,"column":23},"end":{"line":12,"column":24}},"loc":{"start":{"line":12,"column":86},"end":{"line":16,"column":5}}},"2":{"name":"(anonymous_2)","decl":{"start":{"line":13,"column":20},"end":{"line":13,"column":21}},"loc":{"start":{"line":13,"column":35},"end":{"line":15,"column":7}}}},"branchMap":{"0":{"loc":{"start":{"line":14,"column":14},"end":{"line":14,"column":25}},"type":"cond-expr","locations":[{"start":{"line":14,"column":14},"end":{"line":14,"column":25}},{"start":{"line":14,"column":28},"end":{"line":14,"column":37}}]}},"s":{"0":1,"1":1,"2":2,"3":2,"4":2,"5":1},"f":{"0":2,"1":2,"2":2},"b":{"0":[1,1]}}
,"/home/mafh/Projects/node/my_node_modules/pm2promise/src/lib/launchBus.ts": {"path":"/home/mafh/Projects/node/my_node_modules/pm2promise/src/lib/launchBus.ts","statementMap":{"0":{"start":{"line":2,"column":0},"end":{"line":2,"column":46}},"1":{"start":{"line":11,"column":4},"end":{"line":17,"column":1}},"2":{"start":{"line":12,"column":4},"end":{"line":16,"column":6}},"3":{"start":{"line":13,"column":6},"end":{"line":15,"column":8}},"4":{"start":{"line":14,"column":8},"end":{"line":14,"column":40}},"5":{"start":{"line":19,"column":9},"end":{"line":19,"column":18}}},"fnMap":{"0":{"name":"(anonymous_0)","decl":{"start":{"line":11,"column":4},"end":{"line":11,"column":33}},"loc":{"start":{"line":11,"column":36},"end":{"line":17,"column":1}}},"1":{"name":"(anonymous_1)","decl":{"start":{"line":12,"column":23},"end":{"line":12,"column":24}},"loc":{"start":{"line":12,"column":107},"end":{"line":16,"column":5}}},"2":{"name":"(anonymous_2)","decl":{"start":{"line":13,"column":19},"end":{"line":13,"column":20}},"loc":{"start":{"line":13,"column":57},"end":{"line":15,"column":7}}}},"branchMap":{"0":{"loc":{"start":{"line":14,"column":14},"end":{"line":14,"column":25}},"type":"cond-expr","locations":[{"start":{"line":14,"column":14},"end":{"line":14,"column":25}},{"start":{"line":14,"column":28},"end":{"line":14,"column":40}}]}},"s":{"0":1,"1":1,"2":2,"3":2,"4":2,"5":1},"f":{"0":2,"1":2,"2":2},"b":{"0":[1,1]}}
,"/home/mafh/Projects/node/my_node_modules/pm2promise/src/lib/list.ts": {"path":"/home/mafh/Projects/node/my_node_modules/pm2promise/src/lib/list.ts","statementMap":{"0":{"start":{"line":1,"column":0},"end":{"line":1,"column":56}},"1":{"start":{"line":10,"column":4},"end":{"line":16,"column":1}},"2":{"start":{"line":11,"column":4},"end":{"line":15,"column":6}},"3":{"start":{"line":12,"column":6},"end":{"line":14,"column":8}},"4":{"start":{"line":13,"column":8},"end":{"line":13,"column":39}},"5":{"start":{"line":18,"column":9},"end":{"line":18,"column":13}}},"fnMap":{"0":{"name":"(anonymous_0)","decl":{"start":{"line":10,"column":4},"end":{"line":10,"column":37}},"loc":{"start":{"line":10,"column":40},"end":{"line":16,"column":1}}},"1":{"name":"(anonymous_1)","decl":{"start":{"line":11,"column":23},"end":{"line":11,"column":24}},"loc":{"start":{"line":11,"column":110},"end":{"line":15,"column":5}}},"2":{"name":"(anonymous_2)","decl":{"start":{"line":12,"column":14},"end":{"line":12,"column":15}},"loc":{"start":{"line":12,"column":55},"end":{"line":14,"column":7}}}},"branchMap":{"0":{"loc":{"start":{"line":13,"column":14},"end":{"line":13,"column":25}},"type":"cond-expr","locations":[{"start":{"line":13,"column":14},"end":{"line":13,"column":25}},{"start":{"line":13,"column":28},"end":{"line":13,"column":39}}]}},"s":{"0":1,"1":1,"2":2,"3":2,"4":2,"5":1},"f":{"0":2,"1":2,"2":2},"b":{"0":[1,1]}}
,"/home/mafh/Projects/node/my_node_modules/pm2promise/src/lib/reload.ts": {"path":"/home/mafh/Projects/node/my_node_modules/pm2promise/src/lib/reload.ts","statementMap":{"0":{"start":{"line":1,"column":0},"end":{"line":1,"column":40}},"1":{"start":{"line":10,"column":4},"end":{"line":16,"column":1}},"2":{"start":{"line":11,"column":4},"end":{"line":15,"column":6}},"3":{"start":{"line":12,"column":6},"end":{"line":14,"column":8}},"4":{"start":{"line":13,"column":8},"end":{"line":13,"column":37}},"5":{"start":{"line":18,"column":9},"end":{"line":18,"column":15}}},"fnMap":{"0":{"name":"(anonymous_0)","decl":{"start":{"line":10,"column":4},"end":{"line":10,"column":5}},"loc":{"start":{"line":10,"column":46},"end":{"line":16,"column":1}}},"1":{"name":"(anonymous_1)","decl":{"start":{"line":11,"column":23},"end":{"line":11,"column":24}},"loc":{"start":{"line":11,"column":86},"end":{"line":15,"column":5}}},"2":{"name":"(anonymous_2)","decl":{"start":{"line":12,"column":25},"end":{"line":12,"column":26}},"loc":{"start":{"line":12,"column":40},"end":{"line":14,"column":7}}}},"branchMap":{"0":{"loc":{"start":{"line":13,"column":14},"end":{"line":13,"column":25}},"type":"cond-expr","locations":[{"start":{"line":13,"column":14},"end":{"line":13,"column":25}},{"start":{"line":13,"column":28},"end":{"line":13,"column":37}}]}},"s":{"0":1,"1":1,"2":2,"3":2,"4":2,"5":1},"f":{"0":2,"1":2,"2":2},"b":{"0":[1,1]}}
,"/home/mafh/Projects/node/my_node_modules/pm2promise/src/lib/restart.ts": {"path":"/home/mafh/Projects/node/my_node_modules/pm2promise/src/lib/restart.ts","statementMap":{"0":{"start":{"line":1,"column":0},"end":{"line":1,"column":42}},"1":{"start":{"line":10,"column":4},"end":{"line":16,"column":1}},"2":{"start":{"line":11,"column":4},"end":{"line":15,"column":6}},"3":{"start":{"line":12,"column":6},"end":{"line":14,"column":8}},"4":{"start":{"line":13,"column":8},"end":{"line":13,"column":37}},"5":{"start":{"line":18,"column":9},"end":{"line":18,"column":16}}},"fnMap":{"0":{"name":"(anonymous_0)","decl":{"start":{"line":10,"column":4},"end":{"line":10,"column":5}},"loc":{"start":{"line":10,"column":46},"end":{"line":16,"column":1}}},"1":{"name":"(anonymous_1)","decl":{"start":{"line":11,"column":23},"end":{"line":11,"column":24}},"loc":{"start":{"line":11,"column":86},"end":{"line":15,"column":5}}},"2":{"name":"(anonymous_2)","decl":{"start":{"line":12,"column":26},"end":{"line":12,"column":27}},"loc":{"start":{"line":12,"column":41},"end":{"line":14,"column":7}}}},"branchMap":{"0":{"loc":{"start":{"line":13,"column":14},"end":{"line":13,"column":25}},"type":"cond-expr","locations":[{"start":{"line":13,"column":14},"end":{"line":13,"column":25}},{"start":{"line":13,"column":28},"end":{"line":13,"column":37}}]}},"s":{"0":1,"1":1,"2":2,"3":2,"4":2,"5":1},"f":{"0":2,"1":2,"2":2},"b":{"0":[1,1]}}
,"/home/mafh/Projects/node/my_node_modules/pm2promise/src/lib/send.data.to.process.id.ts": {"path":"/home/mafh/Projects/node/my_node_modules/pm2promise/src/lib/send.data.to.process.id.ts","statementMap":{"0":{"start":{"line":1,"column":0},"end":{"line":1,"column":66}},"1":{"start":{"line":10,"column":4},"end":{"line":16,"column":1}},"2":{"start":{"line":11,"column":4},"end":{"line":15,"column":6}},"3":{"start":{"line":12,"column":6},"end":{"line":14,"column":8}},"4":{"start":{"line":13,"column":8},"end":{"line":13,"column":43}},"5":{"start":{"line":18,"column":9},"end":{"line":18,"column":28}}},"fnMap":{"0":{"name":"(anonymous_0)","decl":{"start":{"line":10,"column":4},"end":{"line":10,"column":5}},"loc":{"start":{"line":10,"column":57},"end":{"line":16,"column":1}}},"1":{"name":"(anonymous_1)","decl":{"start":{"line":11,"column":23},"end":{"line":11,"column":24}},"loc":{"start":{"line":11,"column":100},"end":{"line":15,"column":5}}},"2":{"name":"(anonymous_2)","decl":{"start":{"line":12,"column":46},"end":{"line":12,"column":47}},"loc":{"start":{"line":12,"column":77},"end":{"line":14,"column":7}}}},"branchMap":{"0":{"loc":{"start":{"line":13,"column":14},"end":{"line":13,"column":25}},"type":"cond-expr","locations":[{"start":{"line":13,"column":14},"end":{"line":13,"column":25}},{"start":{"line":13,"column":28},"end":{"line":13,"column":43}}]}},"s":{"0":1,"1":1,"2":2,"3":2,"4":2,"5":1},"f":{"0":2,"1":2,"2":2},"b":{"0":[1,1]}}
,"/home/mafh/Projects/node/my_node_modules/pm2promise/src/lib/send.signal.to.process.name.ts": {"path":"/home/mafh/Projects/node/my_node_modules/pm2promise/src/lib/send.signal.to.process.name.ts","statementMap":{"0":{"start":{"line":1,"column":0},"end":{"line":1,"column":74}},"1":{"start":{"line":10,"column":4},"end":{"line":16,"column":1}},"2":{"start":{"line":11,"column":4},"end":{"line":15,"column":6}},"3":{"start":{"line":12,"column":6},"end":{"line":14,"column":8}},"4":{"start":{"line":13,"column":8},"end":{"line":13,"column":43}},"5":{"start":{"line":18,"column":9},"end":{"line":18,"column":32}}},"fnMap":{"0":{"name":"(anonymous_0)","decl":{"start":{"line":10,"column":4},"end":{"line":10,"column":5}},"loc":{"start":{"line":10,"column":71},"end":{"line":16,"column":1}}},"1":{"name":"(anonymous_1)","decl":{"start":{"line":11,"column":23},"end":{"line":11,"column":24}},"loc":{"start":{"line":11,"column":100},"end":{"line":15,"column":5}}},"2":{"name":"(anonymous_2)","decl":{"start":{"line":12,"column":50},"end":{"line":12,"column":51}},"loc":{"start":{"line":12,"column":81},"end":{"line":14,"column":7}}}},"branchMap":{"0":{"loc":{"start":{"line":13,"column":14},"end":{"line":13,"column":25}},"type":"cond-expr","locations":[{"start":{"line":13,"column":14},"end":{"line":13,"column":25}},{"start":{"line":13,"column":28},"end":{"line":13,"column":43}}]}},"s":{"0":1,"1":1,"2":2,"3":2,"4":2,"5":1},"f":{"0":2,"1":2,"2":2},"b":{"0":[1,1]}}
,"/home/mafh/Projects/node/my_node_modules/pm2promise/src/lib/start.ts": {"path":"/home/mafh/Projects/node/my_node_modules/pm2promise/src/lib/start.ts","statementMap":{"0":{"start":{"line":2,"column":0},"end":{"line":2,"column":52}},"1":{"start":{"line":19,"column":4},"end":{"line":47,"column":6}},"2":{"start":{"line":20,"column":55},"end":{"line":20,"column":59}},"3":{"start":{"line":22,"column":6},"end":{"line":26,"column":7}},"4":{"start":{"line":23,"column":8},"end":{"line":23,"column":104}},"5":{"start":{"line":23,"column":74},"end":{"line":23,"column":103}},"6":{"start":{"line":25,"column":8},"end":{"line":25,"column":14}},"7":{"start":{"line":28,"column":6},"end":{"line":32,"column":7}},"8":{"start":{"line":29,"column":8},"end":{"line":29,"column":98}},"9":{"start":{"line":29,"column":68},"end":{"line":29,"column":97}},"10":{"start":{"line":31,"column":8},"end":{"line":31,"column":14}},"11":{"start":{"line":34,"column":6},"end":{"line":38,"column":7}},"12":{"start":{"line":35,"column":8},"end":{"line":35,"column":86}},"13":{"start":{"line":35,"column":56},"end":{"line":35,"column":85}},"14":{"start":{"line":37,"column":8},"end":{"line":37,"column":14}},"15":{"start":{"line":40,"column":6},"end":{"line":44,"column":7}},"16":{"start":{"line":41,"column":8},"end":{"line":41,"column":80}},"17":{"start":{"line":41,"column":50},"end":{"line":41,"column":79}},"18":{"start":{"line":43,"column":8},"end":{"line":43,"column":14}},"19":{"start":{"line":46,"column":6},"end":{"line":46,"column":42}},"20":{"start":{"line":50,"column":9},"end":{"line":50,"column":14}}},"fnMap":{"0":{"name":"start","decl":{"start":{"line":18,"column":9},"end":{"line":18,"column":14}},"loc":{"start":{"line":18,"column":29},"end":{"line":48,"column":1}}},"1":{"name":"(anonymous_1)","decl":{"start":{"line":19,"column":23},"end":{"line":19,"column":24}},"loc":{"start":{"line":19,"column":86},"end":{"line":47,"column":5}}},"2":{"name":"(anonymous_2)","decl":{"start":{"line":23,"column":58},"end":{"line":23,"column":59}},"loc":{"start":{"line":23,"column":74},"end":{"line":23,"column":103}}},"3":{"name":"(anonymous_3)","decl":{"start":{"line":29,"column":52},"end":{"line":29,"column":53}},"loc":{"start":{"line":29,"column":68},"end":{"line":29,"column":97}}},"4":{"name":"(anonymous_4)","decl":{"start":{"line":35,"column":40},"end":{"line":35,"column":41}},"loc":{"start":{"line":35,"column":56},"end":{"line":35,"column":85}}},"5":{"name":"(anonymous_5)","decl":{"start":{"line":41,"column":34},"end":{"line":41,"column":35}},"loc":{"start":{"line":41,"column":50},"end":{"line":41,"column":79}}}},"branchMap":{"0":{"loc":{"start":{"line":22,"column":6},"end":{"line":26,"column":7}},"type":"if","locations":[{"start":{"line":22,"column":6},"end":{"line":26,"column":7}},{"start":{"line":22,"column":6},"end":{"line":26,"column":7}}]},"1":{"loc":{"start":{"line":22,"column":10},"end":{"line":22,"column":16}},"type":"binary-expr","locations":[{"start":{"line":22,"column":10},"end":{"line":22,"column":16}},{"start":{"line":22,"column":20},"end":{"line":22,"column":46}}]},"2":{"loc":{"start":{"line":23,"column":80},"end":{"line":23,"column":91}},"type":"cond-expr","locations":[{"start":{"line":23,"column":80},"end":{"line":23,"column":91}},{"start":{"line":23,"column":94},"end":{"line":23,"column":103}}]},"3":{"loc":{"start":{"line":28,"column":6},"end":{"line":32,"column":7}},"type":"if","locations":[{"start":{"line":28,"column":6},"end":{"line":32,"column":7}},{"start":{"line":28,"column":6},"end":{"line":32,"column":7}}]},"4":{"loc":{"start":{"line":28,"column":10},"end":{"line":28,"column":16}},"type":"binary-expr","locations":[{"start":{"line":28,"column":10},"end":{"line":28,"column":16}},{"start":{"line":28,"column":20},"end":{"line":28,"column":46}}]},"5":{"loc":{"start":{"line":29,"column":74},"end":{"line":29,"column":85}},"type":"cond-expr","locations":[{"start":{"line":29,"column":74},"end":{"line":29,"column":85}},{"start":{"line":29,"column":88},"end":{"line":29,"column":97}}]},"6":{"loc":{"start":{"line":34,"column":6},"end":{"line":38,"column":7}},"type":"if","locations":[{"start":{"line":34,"column":6},"end":{"line":38,"column":7}},{"start":{"line":34,"column":6},"end":{"line":38,"column":7}}]},"7":{"loc":{"start":{"line":35,"column":62},"end":{"line":35,"column":73}},"type":"cond-expr","locations":[{"start":{"line":35,"column":62},"end":{"line":35,"column":73}},{"start":{"line":35,"column":76},"end":{"line":35,"column":85}}]},"8":{"loc":{"start":{"line":40,"column":6},"end":{"line":44,"column":7}},"type":"if","locations":[{"start":{"line":40,"column":6},"end":{"line":44,"column":7}},{"start":{"line":40,"column":6},"end":{"line":44,"column":7}}]},"9":{"loc":{"start":{"line":41,"column":56},"end":{"line":41,"column":67}},"type":"cond-expr","locations":[{"start":{"line":41,"column":56},"end":{"line":41,"column":67}},{"start":{"line":41,"column":70},"end":{"line":41,"column":79}}]}},"s":{"0":1,"1":9,"2":9,"3":9,"4":2,"5":2,"6":2,"7":7,"8":2,"9":2,"10":2,"11":5,"12":2,"13":2,"14":2,"15":3,"16":2,"17":2,"18":2,"19":1,"20":1},"f":{"0":9,"1":9,"2":2,"3":2,"4":2,"5":2},"b":{"0":[2,7],"1":[9,4],"2":[1,1],"3":[2,5],"4":[7,2],"5":[1,1],"6":[2,3],"7":[1,1],"8":[2,1],"9":[1,1]}}
,"/home/mafh/Projects/node/my_node_modules/pm2promise/src/lib/startup.ts": {"path":"/home/mafh/Projects/node/my_node_modules/pm2promise/src/lib/startup.ts","statementMap":{"0":{"start":{"line":1,"column":0},"end":{"line":1,"column":42}},"1":{"start":{"line":14,"column":4},"end":{"line":20,"column":1}},"2":{"start":{"line":15,"column":4},"end":{"line":19,"column":6}},"3":{"start":{"line":16,"column":6},"end":{"line":18,"column":8}},"4":{"start":{"line":17,"column":8},"end":{"line":17,"column":43}},"5":{"start":{"line":22,"column":9},"end":{"line":22,"column":16}}},"fnMap":{"0":{"name":"(anonymous_0)","decl":{"start":{"line":14,"column":4},"end":{"line":14,"column":5}},"loc":{"start":{"line":14,"column":44},"end":{"line":20,"column":1}}},"1":{"name":"(anonymous_1)","decl":{"start":{"line":15,"column":23},"end":{"line":15,"column":24}},"loc":{"start":{"line":15,"column":100},"end":{"line":19,"column":5}}},"2":{"name":"(anonymous_2)","decl":{"start":{"line":16,"column":27},"end":{"line":16,"column":28}},"loc":{"start":{"line":16,"column":58},"end":{"line":18,"column":7}}}},"branchMap":{"0":{"loc":{"start":{"line":17,"column":14},"end":{"line":17,"column":25}},"type":"cond-expr","locations":[{"start":{"line":17,"column":14},"end":{"line":17,"column":25}},{"start":{"line":17,"column":28},"end":{"line":17,"column":43}}]}},"s":{"0":1,"1":1,"2":2,"3":2,"4":2,"5":1},"f":{"0":2,"1":2,"2":2},"b":{"0":[1,1]}}
,"/home/mafh/Projects/node/my_node_modules/pm2promise/src/lib/stop.ts": {"path":"/home/mafh/Projects/node/my_node_modules/pm2promise/src/lib/stop.ts","statementMap":{"0":{"start":{"line":1,"column":0},"end":{"line":1,"column":36}},"1":{"start":{"line":10,"column":4},"end":{"line":16,"column":1}},"2":{"start":{"line":11,"column":4},"end":{"line":15,"column":6}},"3":{"start":{"line":12,"column":6},"end":{"line":14,"column":8}},"4":{"start":{"line":13,"column":8},"end":{"line":13,"column":37}},"5":{"start":{"line":18,"column":9},"end":{"line":18,"column":13}}},"fnMap":{"0":{"name":"(anonymous_0)","decl":{"start":{"line":10,"column":4},"end":{"line":10,"column":5}},"loc":{"start":{"line":10,"column":46},"end":{"line":16,"column":1}}},"1":{"name":"(anonymous_1)","decl":{"start":{"line":11,"column":23},"end":{"line":11,"column":24}},"loc":{"start":{"line":11,"column":86},"end":{"line":15,"column":5}}},"2":{"name":"(anonymous_2)","decl":{"start":{"line":12,"column":23},"end":{"line":12,"column":24}},"loc":{"start":{"line":12,"column":38},"end":{"line":14,"column":7}}}},"branchMap":{"0":{"loc":{"start":{"line":13,"column":14},"end":{"line":13,"column":25}},"type":"cond-expr","locations":[{"start":{"line":13,"column":14},"end":{"line":13,"column":25}},{"start":{"line":13,"column":28},"end":{"line":13,"column":37}}]}},"s":{"0":1,"1":1,"2":2,"3":2,"4":2,"5":1},"f":{"0":2,"1":2,"2":2},"b":{"0":[1,1]}}
}
