TN:
SF:/home/mafh/Projects/node/my_node_modules/pm2promises/src/lib/connect.ts
FN:10,(anonymous_0)
FN:11,(anonymous_1)
FN:12,(anonymous_2)
FN:13,(anonymous_3)
FNF:4
FNH:4
FNDA:4,(anonymous_0)
FNDA:4,(anonymous_1)
FNDA:2,(anonymous_2)
FNDA:2,(anonymous_3)
DA:1,1
DA:10,1
DA:11,4
DA:12,4
DA:13,4
DA:17,1
LF:6
LH:6
BRDA:12,0,0,2
BRDA:12,0,1,2
BRDA:12,1,0,1
BRDA:12,1,1,1
BRDA:13,2,0,1
BRDA:13,2,1,1
BRF:6
BRH:6
end_of_record
TN:
SF:/home/mafh/Projects/node/my_node_modules/pm2promises/src/lib/delete.ts
FN:10,(anonymous_0)
FN:11,(anonymous_1)
FN:12,(anonymous_2)
FNF:3
FNH:3
FNDA:2,(anonymous_0)
FNDA:2,(anonymous_1)
FNDA:2,(anonymous_2)
DA:1,1
DA:10,1
DA:11,2
DA:12,2
DA:16,1
LF:5
LH:5
BRDA:12,0,0,1
BRDA:12,0,1,1
BRF:2
BRH:2
end_of_record
TN:
SF:/home/mafh/Projects/node/my_node_modules/pm2promises/src/lib/describe.ts
FN:11,(anonymous_0)
FN:12,(anonymous_1)
FN:13,(anonymous_2)
FNF:3
FNH:3
FNDA:2,(anonymous_0)
FNDA:2,(anonymous_1)
FNDA:2,(anonymous_2)
DA:1,1
DA:11,1
DA:12,2
DA:13,2
DA:14,2
DA:19,1
LF:6
LH:6
BRDA:14,0,0,1
BRDA:14,0,1,1
BRF:2
BRH:2
end_of_record
TN:
SF:/home/mafh/Projects/node/my_node_modules/pm2promises/src/lib/disconnect.ts
FN:9,(anonymous_0)
FN:10,(anonymous_1)
FNF:2
FNH:2
FNDA:2,(anonymous_0)
FNDA:2,(anonymous_1)
DA:1,1
DA:9,1
DA:10,2
DA:11,2
DA:12,2
DA:13,1
DA:15,1
DA:20,1
LF:8
LH:8
BRF:0
BRH:0
end_of_record
TN:
SF:/home/mafh/Projects/node/my_node_modules/pm2promises/src/lib/dump.ts
FN:11,(anonymous_0)
FN:12,(anonymous_1)
FN:13,(anonymous_2)
FNF:3
FNH:3
FNDA:2,(anonymous_0)
FNDA:2,(anonymous_1)
FNDA:2,(anonymous_2)
DA:1,1
DA:11,1
DA:12,2
DA:13,2
DA:14,2
DA:19,1
LF:6
LH:6
BRDA:14,0,0,1
BRDA:14,0,1,1
BRF:2
BRH:2
end_of_record
TN:
SF:/home/mafh/Projects/node/my_node_modules/pm2promises/src/lib/flush.ts
FN:11,(anonymous_0)
FN:12,(anonymous_1)
FN:13,(anonymous_2)
FNF:3
FNH:3
FNDA:2,(anonymous_0)
FNDA:2,(anonymous_1)
FNDA:2,(anonymous_2)
DA:1,1
DA:11,1
DA:12,2
DA:13,2
DA:14,2
DA:19,1
LF:6
LH:6
BRDA:14,0,0,1
BRDA:14,0,1,1
BRF:2
BRH:2
end_of_record
TN:
SF:/home/mafh/Projects/node/my_node_modules/pm2promises/src/lib/kill.daemon.ts
FN:11,(anonymous_0)
FN:12,(anonymous_1)
FN:13,(anonymous_2)
FNF:3
FNH:3
FNDA:2,(anonymous_0)
FNDA:2,(anonymous_1)
FNDA:2,(anonymous_2)
DA:1,1
DA:11,1
DA:12,2
DA:13,2
DA:14,2
DA:19,1
LF:6
LH:6
BRDA:14,0,0,1
BRDA:14,0,1,1
BRF:2
BRH:2
end_of_record
TN:
SF:/home/mafh/Projects/node/my_node_modules/pm2promises/src/lib/launchBus.ts
FN:11,(anonymous_0)
FN:12,(anonymous_1)
FN:13,(anonymous_2)
FNF:3
FNH:3
FNDA:2,(anonymous_0)
FNDA:2,(anonymous_1)
FNDA:2,(anonymous_2)
DA:2,1
DA:11,1
DA:12,2
DA:13,2
DA:14,2
DA:19,1
LF:6
LH:6
BRDA:14,0,0,1
BRDA:14,0,1,1
BRF:2
BRH:2
end_of_record
TN:
SF:/home/mafh/Projects/node/my_node_modules/pm2promises/src/lib/list.ts
FN:10,(anonymous_0)
FN:11,(anonymous_1)
FN:12,(anonymous_2)
FNF:3
FNH:3
FNDA:2,(anonymous_0)
FNDA:2,(anonymous_1)
FNDA:2,(anonymous_2)
DA:1,1
DA:10,1
DA:11,2
DA:12,2
DA:13,2
DA:18,1
LF:6
LH:6
BRDA:13,0,0,1
BRDA:13,0,1,1
BRF:2
BRH:2
end_of_record
TN:
SF:/home/mafh/Projects/node/my_node_modules/pm2promises/src/lib/reload.ts
FN:10,(anonymous_0)
FN:11,(anonymous_1)
FN:12,(anonymous_2)
FNF:3
FNH:3
FNDA:2,(anonymous_0)
FNDA:2,(anonymous_1)
FNDA:2,(anonymous_2)
DA:1,1
DA:10,1
DA:11,2
DA:12,2
DA:13,2
DA:18,1
LF:6
LH:6
BRDA:13,0,0,1
BRDA:13,0,1,1
BRF:2
BRH:2
end_of_record
TN:
SF:/home/mafh/Projects/node/my_node_modules/pm2promises/src/lib/restart.ts
FN:10,(anonymous_0)
FN:11,(anonymous_1)
FN:12,(anonymous_2)
FNF:3
FNH:3
FNDA:2,(anonymous_0)
FNDA:2,(anonymous_1)
FNDA:2,(anonymous_2)
DA:1,1
DA:10,1
DA:11,2
DA:12,2
DA:13,2
DA:18,1
LF:6
LH:6
BRDA:13,0,0,1
BRDA:13,0,1,1
BRF:2
BRH:2
end_of_record
TN:
SF:/home/mafh/Projects/node/my_node_modules/pm2promises/src/lib/send.data.to.process.id.ts
FN:10,(anonymous_0)
FN:11,(anonymous_1)
FN:12,(anonymous_2)
FNF:3
FNH:3
FNDA:2,(anonymous_0)
FNDA:2,(anonymous_1)
FNDA:2,(anonymous_2)
DA:1,1
DA:10,1
DA:11,2
DA:12,2
DA:13,2
DA:18,1
LF:6
LH:6
BRDA:13,0,0,1
BRDA:13,0,1,1
BRF:2
BRH:2
end_of_record
TN:
SF:/home/mafh/Projects/node/my_node_modules/pm2promises/src/lib/send.signal.to.process.name.ts
FN:10,(anonymous_0)
FN:11,(anonymous_1)
FN:12,(anonymous_2)
FNF:3
FNH:3
FNDA:2,(anonymous_0)
FNDA:2,(anonymous_1)
FNDA:2,(anonymous_2)
DA:1,1
DA:10,1
DA:11,2
DA:12,2
DA:13,2
DA:18,1
LF:6
LH:6
BRDA:13,0,0,1
BRDA:13,0,1,1
BRF:2
BRH:2
end_of_record
TN:
SF:/home/mafh/Projects/node/my_node_modules/pm2promises/src/lib/start.ts
FN:18,start
FN:19,(anonymous_1)
FN:23,(anonymous_2)
FN:29,(anonymous_3)
FN:35,(anonymous_4)
FN:41,(anonymous_5)
FNF:6
FNH:6
FNDA:9,start
FNDA:9,(anonymous_1)
FNDA:2,(anonymous_2)
FNDA:2,(anonymous_3)
FNDA:2,(anonymous_4)
FNDA:2,(anonymous_5)
DA:2,1
DA:19,9
DA:20,9
DA:22,9
DA:23,2
DA:25,2
DA:28,7
DA:29,2
DA:31,2
DA:34,5
DA:35,2
DA:37,2
DA:40,3
DA:41,2
DA:43,2
DA:46,1
DA:50,1
LF:17
LH:17
BRDA:22,0,0,2
BRDA:22,0,1,7
BRDA:22,1,0,9
BRDA:22,1,1,4
BRDA:23,2,0,1
BRDA:23,2,1,1
BRDA:28,3,0,2
BRDA:28,3,1,5
BRDA:28,4,0,7
BRDA:28,4,1,2
BRDA:29,5,0,1
BRDA:29,5,1,1
BRDA:34,6,0,2
BRDA:34,6,1,3
BRDA:35,7,0,1
BRDA:35,7,1,1
BRDA:40,8,0,2
BRDA:40,8,1,1
BRDA:41,9,0,1
BRDA:41,9,1,1
BRF:20
BRH:20
end_of_record
TN:
SF:/home/mafh/Projects/node/my_node_modules/pm2promises/src/lib/startup.ts
FN:14,(anonymous_0)
FN:15,(anonymous_1)
FN:16,(anonymous_2)
FNF:3
FNH:3
FNDA:2,(anonymous_0)
FNDA:2,(anonymous_1)
FNDA:2,(anonymous_2)
DA:1,1
DA:14,1
DA:15,2
DA:16,2
DA:17,2
DA:22,1
LF:6
LH:6
BRDA:17,0,0,1
BRDA:17,0,1,1
BRF:2
BRH:2
end_of_record
TN:
SF:/home/mafh/Projects/node/my_node_modules/pm2promises/src/lib/stop.ts
FN:10,(anonymous_0)
FN:11,(anonymous_1)
FN:12,(anonymous_2)
FNF:3
FNH:3
FNDA:2,(anonymous_0)
FNDA:2,(anonymous_1)
FNDA:2,(anonymous_2)
DA:1,1
DA:10,1
DA:11,2
DA:12,2
DA:13,2
DA:18,1
LF:6
LH:6
BRDA:13,0,0,1
BRDA:13,0,1,1
BRF:2
BRH:2
end_of_record
